# JRE version: Java(TM) SE Runtime Environment (17.0.2+8) (build 17.0.2+8-LTS-86)
# Java VM: Java HotSpot(TM) 64-Bit Server VM (17.0.2+8-LTS-86, mixed mode, sharing, tiered, compressed oops, compressed class ptrs, serial gc, windows-amd64)
GC Precious Log:
 CPUs: 1 total, 1 available
 Memory: 1023M
 Large Page Support: Disabled
 NUMA Support: Disabled
 Compressed Oops: Enabled (32-bit)
 Heap Min Capacity: 8M
 Heap Initial Capacity: 16M
 Heap Max Capacity: 256M
 Pre-touch: Disabled
Heap:
 def new generation   total 4928K, used 4661K [0x00000000f0000000, 0x00000000f0550000, 0x00000000f5550000)
  eden space 4416K,  95% used [0x00000000f0000000, 0x00000000f041a358, 0x00000000f0450000)
  from space 512K,  89% used [0x00000000f0450000, 0x00000000f04c30c0, 0x00000000f04d0000)
  to   space 512K,   0% used [0x00000000f04d0000, 0x00000000f04d0000, 0x00000000f0550000)
 tenured generation   total 10944K, used 4927K [0x00000000f5550000, 0x00000000f6000000, 0x0000000100000000)
   the space 10944K,  45% used [0x00000000f5550000, 0x00000000f5a1ffe0, 0x00000000f5a20000, 0x00000000f6000000)
 Metaspace       used 13922K, committed 14080K, reserved 1064960K
  class space    used 1663K, committed 1728K, reserved 1048576K
GC Heap History (20 events):
Event: 8.957 GC heap before
{Heap before GC invocations=14 (full 0):
 def new generation   total 4928K, used 4464K [0x00000000f0000000, 0x00000000f0550000, 0x00000000f5550000)
  eden space 4416K, 100% used [0x00000000f0000000, 0x00000000f0450000, 0x00000000f0450000)
  from space 512K,   9% used [0x00000000f0450000, 0x00000000f045c3c0, 0x00000000f04d0000)
  to   space 512K,   0% used [0x00000000f04d0000, 0x00000000f04d0000, 0x00000000f0550000)
 tenured generation   total 10944K, used 4920K [0x00000000f5550000, 0x00000000f6000000, 0x0000000100000000)
   the space 10944K,  44% used [0x00000000f5550000, 0x00000000f5a1e048, 0x00000000f5a1e200, 0x00000000f6000000)
 Metaspace       used 11477K, committed 11648K, reserved 1064960K
  class space    used 1309K, committed 1408K, reserved 1048576K
}
Event: 8.958 GC heap after
{Heap after GC invocations=15 (full 0):
 def new generation   total 4928K, used 47K [0x00000000f0000000, 0x00000000f0550000, 0x00000000f5550000)
  eden space 4416K,   0% used [0x00000000f0000000, 0x00000000f0000000, 0x00000000f0450000)
  from space 512K,   9% used [0x00000000f04d0000, 0x00000000f04dbf98, 0x00000000f0550000)
  to   space 512K,   0% used [0x00000000f0450000, 0x00000000f0450000, 0x00000000f04d0000)
 tenured generation   total 10944K, used 4920K [0x00000000f5550000, 0x00000000f6000000, 0x0000000100000000)
   the space 10944K,  44% used [0x00000000f5550000, 0x00000000f5a1e048, 0x00000000f5a1e200, 0x00000000f6000000)
 Metaspace       used 11477K, committed 11648K, reserved 1064960K
  class space    used 1309K, committed 1408K, reserved 1048576K
}
Event: 9.211 GC heap before
{Heap before GC invocations=15 (full 0):
 def new generation   total 4928K, used 4463K [0x00000000f0000000, 0x00000000f0550000, 0x00000000f5550000)
  eden space 4416K, 100% used [0x00000000f0000000, 0x00000000f0450000, 0x00000000f0450000)
  from space 512K,   9% used [0x00000000f04d0000, 0x00000000f04dbf98, 0x00000000f0550000)
  to   space 512K,   0% used [0x00000000f0450000, 0x00000000f0450000, 0x00000000f04d0000)
 tenured generation   total 10944K, used 4920K [0x00000000f5550000, 0x00000000f6000000, 0x0000000100000000)
   the space 10944K,  44% used [0x00000000f5550000, 0x00000000f5a1e048, 0x00000000f5a1e200, 0x00000000f6000000)
 Metaspace       used 11477K, committed 11648K, reserved 1064960K
  class space    used 1309K, committed 1408K, reserved 1048576K
}
Event: 9.212 GC heap after
{Heap after GC invocations=16 (full 0):
 def new generation   total 4928K, used 48K [0x00000000f0000000, 0x00000000f0550000, 0x00000000f5550000)
  eden space 4416K,   0% used [0x00000000f0000000, 0x00000000f0000000, 0x00000000f0450000)
  from space 512K,   9% used [0x00000000f0450000, 0x00000000f045c088, 0x00000000f04d0000)
  to   space 512K,   0% used [0x00000000f04d0000, 0x00000000f04d0000, 0x00000000f0550000)
 tenured generation   total 10944K, used 4920K [0x00000000f5550000, 0x00000000f6000000, 0x0000000100000000)
   the space 10944K,  44% used [0x00000000f5550000, 0x00000000f5a1e048, 0x00000000f5a1e200, 0x00000000f6000000)
 Metaspace       used 11477K, committed 11648K, reserved 1064960K
  class space    used 1309K, committed 1408K, reserved 1048576K
}
Event: 9.450 GC heap before
{Heap before GC invocations=16 (full 0):
 def new generation   total 4928K, used 4464K [0x00000000f0000000, 0x00000000f0550000, 0x00000000f5550000)
  eden space 4416K, 100% used [0x00000000f0000000, 0x00000000f0450000, 0x00000000f0450000)
  from space 512K,   9% used [0x00000000f0450000, 0x00000000f045c088, 0x00000000f04d0000)
  to   space 512K,   0% used [0x00000000f04d0000, 0x00000000f04d0000, 0x00000000f0550000)
 tenured generation   total 10944K, used 4920K [0x00000000f5550000, 0x00000000f6000000, 0x0000000100000000)
   the space 10944K,  44% used [0x00000000f5550000, 0x00000000f5a1e048, 0x00000000f5a1e200, 0x00000000f6000000)
 Metaspace       used 11477K, committed 11648K, reserved 1064960K
  class space    used 1309K, committed 1408K, reserved 1048576K
}
Event: 9.451 GC heap after
{Heap after GC invocations=17 (full 0):
 def new generation   total 4928K, used 46K [0x00000000f0000000, 0x00000000f0550000, 0x00000000f5550000)
  eden space 4416K,   0% used [0x00000000f0000000, 0x00000000f0000000, 0x00000000f0450000)
  from space 512K,   9% used [0x00000000f04d0000, 0x00000000f04dbbe0, 0x00000000f0550000)
  to   space 512K,   0% used [0x00000000f0450000, 0x00000000f0450000, 0x00000000f04d0000)
 tenured generation   total 10944K, used 4920K [0x00000000f5550000, 0x00000000f6000000, 0x0000000100000000)
   the space 10944K,  44% used [0x00000000f5550000, 0x00000000f5a1e048, 0x00000000f5a1e200, 0x00000000f6000000)
 Metaspace       used 11477K, committed 11648K, reserved 1064960K
  class space    used 1309K, committed 1408K, reserved 1048576K
}
Event: 9.710 GC heap before
{Heap before GC invocations=17 (full 0):
 def new generation   total 4928K, used 4462K [0x00000000f0000000, 0x00000000f0550000, 0x00000000f5550000)
  eden space 4416K, 100% used [0x00000000f0000000, 0x00000000f0450000, 0x00000000f0450000)
  from space 512K,   9% used [0x00000000f04d0000, 0x00000000f04dbbe0, 0x00000000f0550000)
  to   space 512K,   0% used [0x00000000f0450000, 0x00000000f0450000, 0x00000000f04d0000)
 tenured generation   total 10944K, used 4920K [0x00000000f5550000, 0x00000000f6000000, 0x0000000100000000)
   the space 10944K,  44% used [0x00000000f5550000, 0x00000000f5a1e048, 0x00000000f5a1e200, 0x00000000f6000000)
 Metaspace       used 11477K, committed 11648K, reserved 1064960K
  class space    used 1309K, committed 1408K, reserved 1048576K
}
Event: 9.711 GC heap after
{Heap after GC invocations=18 (full 0):
 def new generation   total 4928K, used 46K [0x00000000f0000000, 0x00000000f0550000, 0x00000000f5550000)
  eden space 4416K,   0% used [0x00000000f0000000, 0x00000000f0000000, 0x00000000f0450000)
  from space 512K,   9% used [0x00000000f0450000, 0x00000000f045b9e0, 0x00000000f04d0000)
  to   space 512K,   0% used [0x00000000f04d0000, 0x00000000f04d0000, 0x00000000f0550000)
 tenured generation   total 10944K, used 4920K [0x00000000f5550000, 0x00000000f6000000, 0x0000000100000000)
   the space 10944K,  44% used [0x00000000f5550000, 0x00000000f5a1e048, 0x00000000f5a1e200, 0x00000000f6000000)
 Metaspace       used 11477K, committed 11648K, reserved 1064960K
  class space    used 1309K, committed 1408K, reserved 1048576K
}
Event: 9.959 GC heap before
{Heap before GC invocations=18 (full 0):
 def new generation   total 4928K, used 4462K [0x00000000f0000000, 0x00000000f0550000, 0x00000000f5550000)
  eden space 4416K, 100% used [0x00000000f0000000, 0x00000000f0450000, 0x00000000f0450000)
  from space 512K,   9% used [0x00000000f0450000, 0x00000000f045b9e0, 0x00000000f04d0000)
  to   space 512K,   0% used [0x00000000f04d0000, 0x00000000f04d0000, 0x00000000f0550000)
 tenured generation   total 10944K, used 4920K [0x00000000f5550000, 0x00000000f6000000, 0x0000000100000000)
   the space 10944K,  44% used [0x00000000f5550000, 0x00000000f5a1e048, 0x00000000f5a1e200, 0x00000000f6000000)
 Metaspace       used 11477K, committed 11648K, reserved 1064960K
  class space    used 1309K, committed 1408K, reserved 1048576K
}
Event: 9.960 GC heap after
{Heap after GC invocations=19 (full 0):
 def new generation   total 4928K, used 47K [0x00000000f0000000, 0x00000000f0550000, 0x00000000f5550000)
  eden space 4416K,   0% used [0x00000000f0000000, 0x00000000f0000000, 0x00000000f0450000)
  from space 512K,   9% used [0x00000000f04d0000, 0x00000000f04dbfe8, 0x00000000f0550000)
  to   space 512K,   0% used [0x00000000f0450000, 0x00000000f0450000, 0x00000000f04d0000)
 tenured generation   total 10944K, used 4920K [0x00000000f5550000, 0x00000000f6000000, 0x0000000100000000)
   the space 10944K,  44% used [0x00000000f5550000, 0x00000000f5a1e048, 0x00000000f5a1e200, 0x00000000f6000000)
 Metaspace       used 11477K, committed 11648K, reserved 1064960K
  class space    used 1309K, committed 1408K, reserved 1048576K
}
Event: 10.218 GC heap before
{Heap before GC invocations=19 (full 0):
 def new generation   total 4928K, used 4463K [0x00000000f0000000, 0x00000000f0550000, 0x00000000f5550000)
  eden space 4416K, 100% used [0x00000000f0000000, 0x00000000f0450000, 0x00000000f0450000)
  from space 512K,   9% used [0x00000000f04d0000, 0x00000000f04dbfe8, 0x00000000f0550000)
  to   space 512K,   0% used [0x00000000f0450000, 0x00000000f0450000, 0x00000000f04d0000)
 tenured generation   total 10944K, used 4920K [0x00000000f5550000, 0x00000000f6000000, 0x0000000100000000)
   the space 10944K,  44% used [0x00000000f5550000, 0x00000000f5a1e048, 0x00000000f5a1e200, 0x00000000f6000000)
 Metaspace       used 11477K, committed 11648K, reserved 1064960K
  class space    used 1309K, committed 1408K, reserved 1048576K
}
Event: 10.219 GC heap after
{Heap after GC invocations=20 (full 0):
 def new generation   total 4928K, used 49K [0x00000000f0000000, 0x00000000f0550000, 0x00000000f5550000)
  eden space 4416K,   0% used [0x00000000f0000000, 0x00000000f0000000, 0x00000000f0450000)
  from space 512K,   9% used [0x00000000f0450000, 0x00000000f045c450, 0x00000000f04d0000)
  to   space 512K,   0% used [0x00000000f04d0000, 0x00000000f04d0000, 0x00000000f0550000)
 tenured generation   total 10944K, used 4920K [0x00000000f5550000, 0x00000000f6000000, 0x0000000100000000)
   the space 10944K,  44% used [0x00000000f5550000, 0x00000000f5a1e048, 0x00000000f5a1e200, 0x00000000f6000000)
 Metaspace       used 11477K, committed 11648K, reserved 1064960K
  class space    used 1309K, committed 1408K, reserved 1048576K
}
Event: 10.474 GC heap before
{Heap before GC invocations=20 (full 0):
 def new generation   total 4928K, used 4465K [0x00000000f0000000, 0x00000000f0550000, 0x00000000f5550000)
  eden space 4416K, 100% used [0x00000000f0000000, 0x00000000f0450000, 0x00000000f0450000)
  from space 512K,   9% used [0x00000000f0450000, 0x00000000f045c450, 0x00000000f04d0000)
  to   space 512K,   0% used [0x00000000f04d0000, 0x00000000f04d0000, 0x00000000f0550000)
 tenured generation   total 10944K, used 4920K [0x00000000f5550000, 0x00000000f6000000, 0x0000000100000000)
   the space 10944K,  44% used [0x00000000f5550000, 0x00000000f5a1e048, 0x00000000f5a1e200, 0x00000000f6000000)
 Metaspace       used 11477K, committed 11648K, reserved 1064960K
  class space    used 1309K, committed 1408K, reserved 1048576K
}
Event: 10.475 GC heap after
{Heap after GC invocations=21 (full 0):
 def new generation   total 4928K, used 47K [0x00000000f0000000, 0x00000000f0550000, 0x00000000f5550000)
  eden space 4416K,   0% used [0x00000000f0000000, 0x00000000f0000000, 0x00000000f0450000)
  from space 512K,   9% used [0x00000000f04d0000, 0x00000000f04dbfb0, 0x00000000f0550000)
  to   space 512K,   0% used [0x00000000f0450000, 0x00000000f0450000, 0x00000000f04d0000)
 tenured generation   total 10944K, used 4920K [0x00000000f5550000, 0x00000000f6000000, 0x0000000100000000)
   the space 10944K,  44% used [0x00000000f5550000, 0x00000000f5a1e048, 0x00000000f5a1e200, 0x00000000f6000000)
 Metaspace       used 11477K, committed 11648K, reserved 1064960K
  class space    used 1309K, committed 1408K, reserved 1048576K
}
Event: 10.742 GC heap before
{Heap before GC invocations=21 (full 0):
 def new generation   total 4928K, used 4463K [0x00000000f0000000, 0x00000000f0550000, 0x00000000f5550000)
  eden space 4416K, 100% used [0x00000000f0000000, 0x00000000f0450000, 0x00000000f0450000)
  from space 512K,   9% used [0x00000000f04d0000, 0x00000000f04dbfb0, 0x00000000f0550000)
  to   space 512K,   0% used [0x00000000f0450000, 0x00000000f0450000, 0x00000000f04d0000)
 tenured generation   total 10944K, used 4920K [0x00000000f5550000, 0x00000000f6000000, 0x0000000100000000)
   the space 10944K,  44% used [0x00000000f5550000, 0x00000000f5a1e048, 0x00000000f5a1e200, 0x00000000f6000000)
 Metaspace       used 11477K, committed 11648K, reserved 1064960K
  class space    used 1309K, committed 1408K, reserved 1048576K
}
Event: 10.743 GC heap after
{Heap after GC invocations=22 (full 0):
 def new generation   total 4928K, used 41K [0x00000000f0000000, 0x00000000f0550000, 0x00000000f5550000)
  eden space 4416K,   0% used [0x00000000f0000000, 0x00000000f0000000, 0x00000000f0450000)
  from space 512K,   8% used [0x00000000f0450000, 0x00000000f045a708, 0x00000000f04d0000)
  to   space 512K,   0% used [0x00000000f04d0000, 0x00000000f04d0000, 0x00000000f0550000)
 tenured generation   total 10944K, used 4926K [0x00000000f5550000, 0x00000000f6000000, 0x0000000100000000)
   the space 10944K,  45% used [0x00000000f5550000, 0x00000000f5a1fa58, 0x00000000f5a1fc00, 0x00000000f6000000)
 Metaspace       used 11477K, committed 11648K, reserved 1064960K
  class space    used 1309K, committed 1408K, reserved 1048576K
}
Event: 11.033 GC heap before
{Heap before GC invocations=22 (full 0):
 def new generation   total 4928K, used 4457K [0x00000000f0000000, 0x00000000f0550000, 0x00000000f5550000)
  eden space 4416K, 100% used [0x00000000f0000000, 0x00000000f0450000, 0x00000000f0450000)
  from space 512K,   8% used [0x00000000f0450000, 0x00000000f045a708, 0x00000000f04d0000)
  to   space 512K,   0% used [0x00000000f04d0000, 0x00000000f04d0000, 0x00000000f0550000)
 tenured generation   total 10944K, used 4926K [0x00000000f5550000, 0x00000000f6000000, 0x0000000100000000)
   the space 10944K,  45% used [0x00000000f5550000, 0x00000000f5a1fa58, 0x00000000f5a1fc00, 0x00000000f6000000)
 Metaspace       used 11606K, committed 11840K, reserved 1064960K
  class space    used 1328K, committed 1472K, reserved 1048576K
}
Event: 11.034 GC heap after
{Heap after GC invocations=23 (full 0):
 def new generation   total 4928K, used 69K [0x00000000f0000000, 0x00000000f0550000, 0x00000000f5550000)
  eden space 4416K,   0% used [0x00000000f0000000, 0x00000000f0000000, 0x00000000f0450000)
  from space 512K,  13% used [0x00000000f04d0000, 0x00000000f04e17f8, 0x00000000f0550000)
  to   space 512K,   0% used [0x00000000f0450000, 0x00000000f0450000, 0x00000000f04d0000)
 tenured generation   total 10944K, used 4926K [0x00000000f5550000, 0x00000000f6000000, 0x0000000100000000)
   the space 10944K,  45% used [0x00000000f5550000, 0x00000000f5a1fb30, 0x00000000f5a1fc00, 0x00000000f6000000)
 Metaspace       used 11606K, committed 11840K, reserved 1064960K
  class space    used 1328K, committed 1472K, reserved 1048576K
}
Event: 11.345 GC heap before
{Heap before GC invocations=23 (full 0):
 def new generation   total 4928K, used 4467K [0x00000000f0000000, 0x00000000f0550000, 0x00000000f5550000)
  eden space 4416K,  99% used [0x00000000f0000000, 0x00000000f044b788, 0x00000000f0450000)
  from space 512K,  13% used [0x00000000f04d0000, 0x00000000f04e17f8, 0x00000000f0550000)
  to   space 512K,   0% used [0x00000000f0450000, 0x00000000f0450000, 0x00000000f04d0000)
 tenured generation   total 10944K, used 4926K [0x00000000f5550000, 0x00000000f6000000, 0x0000000100000000)
   the space 10944K,  45% used [0x00000000f5550000, 0x00000000f5a1fb30, 0x00000000f5a1fc00, 0x00000000f6000000)
 Metaspace       used 12631K, committed 12864K, reserved 1064960K
  class space    used 1506K, committed 1600K, reserved 1048576K
}
Event: 11.347 GC heap after
{Heap after GC invocations=24 (full 0):
 def new generation   total 4928K, used 460K [0x00000000f0000000, 0x00000000f0550000, 0x00000000f5550000)
  eden space 4416K,   0% used [0x00000000f0000000, 0x00000000f0000000, 0x00000000f0450000)
  from space 512K,  89% used [0x00000000f0450000, 0x00000000f04c30c0, 0x00000000f04d0000)
  to   space 512K,   0% used [0x00000000f04d0000, 0x00000000f04d0000, 0x00000000f0550000)
 tenured generation   total 10944K, used 4927K [0x00000000f5550000, 0x00000000f6000000, 0x0000000100000000)
   the space 10944K,  45% used [0x00000000f5550000, 0x00000000f5a1ffe0, 0x00000000f5a20000, 0x00000000f6000000)
 Metaspace       used 12631K, committed 12864K, reserved 1064960K
  class space    used 1506K, committed 1600K, reserved 1048576K
}

