<?xml version="1.0" encoding="UTF-8"?>
<!-- Generated by org.testng.reporters.JUnitXMLReporter -->
<testsuite ignored="4" hostname="EC2AMAZ-6D3ISV7" failures="0" tests="3" name="Firefox" time="1.02" errors="0" timestamp="2022-07-01T01:51:17 UTC">
  <testcase classname="AutomationPractice.HomeBaseFirefox" name="@BeforeTest setup" time="0.415">
    <failure type="java.lang.IllegalStateException" message="The path to the driver executable must be set by the webdriver.gecko.driver system property; for more information, see https://github.com/mozilla/geckodriver. The latest version can be downloaded from https://github.com/mozilla/geckodriver/releases">
      <![CDATA[java.lang.IllegalStateException: The path to the driver executable must be set by the webdriver.gecko.driver system property; for more information, see https://github.com/mozilla/geckodriver. The latest version can be downloaded from https://github.com/mozilla/geckodriver/releases
at com.google.common.base.Preconditions.checkState(Preconditions.java:847)
at org.openqa.selenium.remote.service.DriverService.findExecutable(DriverService.java:134)
at org.openqa.selenium.firefox.GeckoDriverService.access$100(GeckoDriverService.java:44)
at org.openqa.selenium.firefox.GeckoDriverService$Builder.findDefaultExecutable(GeckoDriverService.java:167)
at org.openqa.selenium.remote.service.DriverService$Builder.build(DriverService.java:355)
at org.openqa.selenium.firefox.FirefoxDriver.toExecutor(FirefoxDriver.java:190)
at org.openqa.selenium.firefox.FirefoxDriver.<init>(FirefoxDriver.java:147)
at org.openqa.selenium.firefox.FirefoxDriver.<init>(FirefoxDriver.java:125)
at AutomationPractice.HomeBaseFirefox.setup(HomeBaseFirefox.java:48)
at java.base/java.util.concurrent.FutureTask.run(FutureTask.java:264)
at java.base/java.util.concurrent.ThreadPoolExecutor.runWorker(ThreadPoolExecutor.java:1136)
at java.base/java.util.concurrent.ThreadPoolExecutor$Worker.run(ThreadPoolExecutor.java:635)
at java.base/java.lang.Thread.run(Thread.java:833)
... Removed 15 stack frames]]>
    </failure>
  </testcase> <!-- @BeforeTest setup -->
  <testcase classname="AutomationPractice.HomeEdge" name="@BeforeTest setup" time="-1.656640276708E9">
    <skipped/>
  </testcase> <!-- @BeforeTest setup -->
  <testcase classname="AutomationPractice.HomeEdge" name="@BeforeClass Synchronize" time="-1.656640276807E9">
    <skipped/>
  </testcase> <!-- @BeforeClass Synchronize -->
  <testcase classname="AutomationPractice.HomeEdge" name="@BeforeMethod BrowserConfig" time="-1.656640276835E9">
    <skipped/>
  </testcase> <!-- @BeforeMethod BrowserConfig -->
  <testcase classname="AutomationPractice.HomeEdge" name="@AfterMethod validations" time="-1.656640276935E9">
    <skipped/>
  </testcase> <!-- @AfterMethod validations -->
  <testcase classname="AutomationPractice.HomeEdge" name="@AfterMethod validations2" time="-1.656640276957E9">
    <skipped/>
  </testcase> <!-- @AfterMethod validations2 -->
  <testcase classname="AutomationPractice.HomeEdge" name="@AfterClass PageValidations" time="-1.656640277001E9">
    <skipped/>
  </testcase> <!-- @AfterClass PageValidations -->
  <testcase classname="AutomationPractice.HomeBaseFirefox" name="@BeforeClass Synchronize" time="-1.656640277016E9">
    <skipped/>
  </testcase> <!-- @BeforeClass Synchronize -->
  <testcase classname="AutomationPractice.HomeBaseFirefox" name="@BeforeMethod BrowserConfig" time="-1.656640277044E9">
    <skipped/>
  </testcase> <!-- @BeforeMethod BrowserConfig -->
  <testcase classname="AutomationPractice.HomeBaseFirefox" name="@AfterMethod validations" time="-1.65664027707E9">
    <skipped/>
  </testcase> <!-- @AfterMethod validations -->
  <testcase classname="AutomationPractice.HomeBaseFirefox" name="@AfterMethod validations2" time="-1.656640277078E9">
    <skipped/>
  </testcase> <!-- @AfterMethod validations2 -->
  <testcase classname="AutomationPractice.HomeBaseFirefox" name="@AfterClass PageValidations" time="-1.656640277084E9">
    <skipped/>
  </testcase> <!-- @AfterClass PageValidations -->
  <testcase classname="AutomationPractice.HomeEdge" name="@BeforeClass Synchronize" time="-1.656640277098E9">
    <skipped/>
  </testcase> <!-- @BeforeClass Synchronize -->
  <testcase classname="AutomationPractice.HomeEdge" name="@BeforeMethod BrowserConfig" time="-1.656640277107E9">
    <skipped/>
  </testcase> <!-- @BeforeMethod BrowserConfig -->
  <testcase classname="AutomationPractice.HomeEdge" name="@AfterMethod validations" time="-1.656640277206E9">
    <skipped/>
  </testcase> <!-- @AfterMethod validations -->
  <testcase classname="AutomationPractice.HomeEdge" name="@AfterMethod validations2" time="-1.656640277213E9">
    <skipped/>
  </testcase> <!-- @AfterMethod validations2 -->
  <testcase classname="AutomationPractice.HomeEdge" name="@AfterClass PageValidations" time="-1.656640277218E9">
    <skipped/>
  </testcase> <!-- @AfterClass PageValidations -->
  <testcase classname="AutomationPractice.HomeBaseFirefox" name="@AfterTest BrowserClosing" time="-1.656640277243E9">
    <skipped/>
  </testcase> <!-- @AfterTest BrowserClosing -->
  <testcase classname="AutomationPractice.HomeEdge" name="@AfterTest BrowserClosing" time="-1.656640277247E9">
    <skipped/>
  </testcase> <!-- @AfterTest BrowserClosing -->
  <testcase classname="testModelEdge.june21" name="run1" time="0.0">
    <skipped/>
  </testcase> <!-- run1 -->
  <testcase classname="testModelEdge.june25th" name="run2" time="0.0">
    <skipped/>
  </testcase> <!-- run2 -->
  <testcase classname="testModelEdge.june29th" name="run3" time="0.0">
    <skipped/>
  </testcase> <!-- run3 -->
  <testcase classname="AutomationPractice.HomeEdge" name="@AfterTest BrowserClosing" time="0.0">
    <ignored/>
  </testcase> <!-- @AfterTest BrowserClosing -->
  <testcase classname="AutomationPractice.HomeEdge" name="@BeforeSuite config" time="0.0">
    <ignored/>
  </testcase> <!-- @BeforeSuite config -->
  <testcase classname="AutomationPractice.HomeEdge" name="@AfterSuite terminate" time="0.0">
    <ignored/>
  </testcase> <!-- @AfterSuite terminate -->
  <testcase classname="AutomationPractice.HomeEdge" name="@BeforeTest setup" time="0.0">
    <ignored/>
  </testcase> <!-- @BeforeTest setup -->
</testsuite> <!-- Firefox -->
