<?xml version="1.0" encoding="UTF-8"?>
<!-- Generated by org.testng.reporters.JUnitXMLReporter -->
<testsuite ignored="8" hostname="EC2AMAZ-6D3ISV7" failures="0" tests="3" name="Test1" time="54.175" errors="0" timestamp="2022-07-01T00:57:27 UTC">
  <testcase classname="Testmodel.june21" name="run1" time="11.725"/>
  <testcase classname="Testmodel.june25th" name="run2" time="21.151"/>
  <testcase classname="Testmodel.june29th" name="run3" time="2.752"/>
  <testcase classname="AutomationPractice.HomeBase" name="@AfterTest BrowserClosing" time="0.0">
    <ignored/>
  </testcase> <!-- @AfterTest BrowserClosing -->
  <testcase classname="AutomationPractice.HomeBase" name="@AfterTest BrowserClosing" time="0.0">
    <ignored/>
  </testcase> <!-- @AfterTest BrowserClosing -->
  <testcase classname="AutomationPractice.HomeBase" name="@BeforeTest setup" time="0.0">
    <ignored/>
  </testcase> <!-- @BeforeTest setup -->
  <testcase classname="AutomationPractice.HomeBase" name="@BeforeTest setup" time="0.0">
    <ignored/>
  </testcase> <!-- @BeforeTest setup -->
  <testcase classname="AutomationPractice.HomeBase" name="@AfterSuite terminate" time="0.0">
    <ignored/>
  </testcase> <!-- @AfterSuite terminate -->
  <testcase classname="AutomationPractice.HomeBase" name="@AfterSuite terminate" time="0.0">
    <ignored/>
  </testcase> <!-- @AfterSuite terminate -->
  <testcase classname="AutomationPractice.HomeBase" name="@BeforeSuite config" time="0.0">
    <ignored/>
  </testcase> <!-- @BeforeSuite config -->
  <testcase classname="AutomationPractice.HomeBase" name="@BeforeSuite config" time="0.0">
    <ignored/>
  </testcase> <!-- @BeforeSuite config -->
</testsuite> <!-- Test1 -->
